<?xml version="1.0" encoding="UTF-8"?>
<!-- Generated by org.testng.reporters.JUnitReportReporter -->
<testsuite hostname="WKWZTFZy4amcwZs" failures="0" tests="4" name="day3.AdditionalAttributes" time="64.976" errors="0" timestamp="2022-11-24T22:27:45 IST" skipped="1">
  <testcase classname="day3.AdditionalAttributes" name="verifyTitle" time="15.192"/>
  <system-out/>
  <testcase classname="day3.AdditionalAttributes" name="verifyForgotPasswordLink" time="34.883"/>
  <system-out/>
  <testcase classname="day3.AdditionalAttributes" name="verifyURL" time="14.901"/>
  <system-out/>
  <testcase classname="day3.AdditionalAttributes" name="verifySocialMediaCount">
    <skipped/>
  </testcase> <!-- verifySocialMediaCount -->
  <system-out/>
</testsuite> <!-- day3.AdditionalAttributes -->
