<?xml version="1.0" encoding="UTF-8"?>
<!-- Generated by org.testng.reporters.JUnitReportReporter -->
<testsuite hostname="WKWZTFZy4amcwZs" failures="0" tests="4" name="day3.SmokeTest" time="61.197" errors="0" timestamp="2022-11-24T22:27:45 IST" skipped="0">
  <testcase classname="day3.SmokeTest" name="verifyForgotPasswordLink" time="18.383"/>
  <system-out/>
  <testcase classname="day3.SmokeTest" name="verifyTitle" time="14.112"/>
  <system-out/>
  <testcase classname="day3.SmokeTest" name="verifySocialMediaCount" time="17.781"/>
  <system-out/>
  <testcase classname="day3.SmokeTest" name="verifyURL" time="10.921"/>
  <system-out/>
</testsuite> <!-- day3.SmokeTest -->
