<?xml version="1.0" encoding="UTF-8"?>
<!-- Generated by org.testng.reporters.JUnitReportReporter -->
<testsuite hostname="WKWZTFZy4amcwZs" failures="0" tests="4" name="day4.DDTExample" time="37.239" errors="0" timestamp="2022-11-24T22:27:45 IST" skipped="0">
  <testcase classname="day4.DDTExample" name="myTest" time="7.584"/>
  <system-out/>
  <testcase classname="day4.DDTExample" name="myTest" time="10.272"/>
  <system-out/>
  <testcase classname="day4.DDTExample" name="myTest" time="9.897"/>
  <system-out/>
  <testcase classname="day4.DDTExample" name="myTest" time="9.486"/>
  <system-out/>
</testsuite> <!-- day4.DDTExample -->
