<?xml version="1.0" encoding="UTF-8"?>
<!-- Generated by org.testng.reporters.JUnitReportReporter -->
<testsuite hostname="WKWZTFZy4amcwZs" failures="0" tests="4" name="day4.DDTExample2" time="34.262" errors="0" timestamp="2022-11-24T22:27:45 IST" skipped="0">
  <testcase classname="day4.DDTExample2" name="myTest" time="13.719"/>
  <system-out/>
  <testcase classname="day4.DDTExample2" name="myTest" time="7.126"/>
  <system-out/>
  <testcase classname="day4.DDTExample2" name="myTest" time="5.416"/>
  <system-out/>
  <testcase classname="day4.DDTExample2" name="myTest" time="8.001"/>
  <system-out/>
</testsuite> <!-- day4.DDTExample2 -->
