<?xml version="1.0" encoding="UTF-8"?>
<!-- Generated by org.testng.reporters.JUnitReportReporter -->
<testsuite hostname="WKWZTFZy4amcwZs" failures="0" tests="1" name="day1.SeleniumScript" time="8.788" errors="0" timestamp="2022-11-24T22:27:45 IST" skipped="0">
  <testcase classname="day1.SeleniumScript" name="Test1" time="8.788"/>
  <system-out/>
</testsuite> <!-- day1.SeleniumScript -->
