<?xml version="1.0" encoding="UTF-8"?>
<!-- Generated by org.testng.reporters.JUnitReportReporter -->
<testsuite hostname="WKWZTFZy4amcwZs" failures="0" tests="1" name="day2.HandleAlert" time="13.652" errors="0" timestamp="2022-11-24T22:27:45 IST" skipped="0">
  <testcase classname="day2.HandleAlert" name="Test5" time="13.652"/>
  <system-out/>
</testsuite> <!-- day2.HandleAlert -->
