<?xml version="1.0" encoding="UTF-8"?>
<!-- Generated by org.testng.reporters.JUnitReportReporter -->
<testsuite hostname="WKWZTFZy4amcwZs" failures="0" tests="2" name="day3.MyFirstTestNGTest3" time="0.006" errors="0" timestamp="2022-11-24T22:27:45 IST" skipped="0">
  <testcase classname="day3.MyFirstTestNGTest3" name="logOutFromApplication" time="0.001"/>
  <system-out/>
  <testcase classname="day3.MyFirstTestNGTest3" name="login" time="0.005"/>
  <system-out>
    <![CDATA[Login Done]]>
  </system-out>
</testsuite> <!-- day3.MyFirstTestNGTest3 -->
