<?xml version="1.0" encoding="UTF-8"?>
<!-- Generated by org.testng.reporters.JUnitReportReporter -->
<testsuite hostname="WKWZTFZy4amcwZs" failures="0" tests="10" name="day3.SameTestMultipleTimes" time="0.564" errors="0" timestamp="2022-11-24T22:27:45 IST" skipped="0">
  <testcase classname="day3.SameTestMultipleTimes" name="createUser" time="0.074"/>
  <system-out/>
  <testcase classname="day3.SameTestMultipleTimes" name="createUser" time="0.027"/>
  <system-out/>
  <testcase classname="day3.SameTestMultipleTimes" name="createUser" time="0.028"/>
  <system-out/>
  <testcase classname="day3.SameTestMultipleTimes" name="createUser" time="0.022"/>
  <system-out/>
  <testcase classname="day3.SameTestMultipleTimes" name="createUser" time="0.227"/>
  <system-out/>
  <testcase classname="day3.SameTestMultipleTimes" name="createUser" time="0.026"/>
  <system-out/>
  <testcase classname="day3.SameTestMultipleTimes" name="createUser" time="0.030"/>
  <system-out/>
  <testcase classname="day3.SameTestMultipleTimes" name="createUser" time="0.027"/>
  <system-out/>
  <testcase classname="day3.SameTestMultipleTimes" name="createUser" time="0.041"/>
  <system-out/>
  <testcase classname="day3.SameTestMultipleTimes" name="createUser" time="0.062"/>
  <system-out/>
</testsuite> <!-- day3.SameTestMultipleTimes -->
