<?xml version="1.0" encoding="UTF-8"?>
<!-- Generated by org.testng.reporters.JUnitReportReporter -->
<testsuite hostname="WKWZTFZy4amcwZs" failures="0" tests="1" name="assignments.OrangeHRM" time="47.090" errors="0" timestamp="2022-11-24T22:27:45 IST" skipped="0">
  <testcase classname="assignments.OrangeHRM" name="Test11" time="47.090"/>
  <system-out/>
</testsuite> <!-- assignments.OrangeHRM -->
