<?xml version="1.0" encoding="UTF-8"?>
<!-- Generated by org.testng.reporters.JUnitReportReporter -->
<testsuite hostname="WKWZTFZy4amcwZs" failures="0" tests="1" name="day5.SeleniumGridDemo" time="10.603" errors="0" timestamp="2022-11-25T11:56:59 IST" skipped="0">
  <testcase classname="day5.SeleniumGridDemo" name="gridTest" time="10.603"/>
  <system-out/>
</testsuite> <!-- day5.SeleniumGridDemo -->
