<?xml version="1.0" encoding="UTF-8"?>
<!-- Generated by org.testng.reporters.JUnitReportReporter -->
<testsuite hostname="WKWZTFZy4amcwZs" failures="0" tests="1" name="day3.Task3" time="15.849" errors="0" timestamp="2022-11-24T00:09:09 IST" skipped="0">
  <testcase classname="day3.Task3" name="Test9" time="15.849"/>
  <system-out/>
</testsuite> <!-- day3.Task3 -->
