<?xml version="1.0" encoding="UTF-8"?>
<!-- Generated by org.testng.reporters.JUnitReportReporter -->
<testsuite hostname="WKWZTFZy4amcwZs" failures="0" tests="4" name="day3.MyFirstTestNGTest2" time="0.003" errors="0" timestamp="2022-11-24T22:27:45 IST" skipped="0">
  <testcase classname="day3.MyFirstTestNGTest2" name="createAccount" time="0.001"/>
  <system-out/>
  <testcase classname="day3.MyFirstTestNGTest2" name="deleteAccount" time="0.001"/>
  <system-out/>
  <testcase classname="day3.MyFirstTestNGTest2" name="logOutFromApplication" time="0.001"/>
  <system-out/>
  <testcase classname="day3.MyFirstTestNGTest2" name="login" time="0.000"/>
  <system-out/>
</testsuite> <!-- day3.MyFirstTestNGTest2 -->
